#
# A fatal error has been detected by the Java Runtime Environment:
#
#  Internal Error (classFileParser.cpp:3494), pid=2816, tid=3964
#  Error: ShouldNotReachHere()
#
# JRE version: 6.0_45-b06
# Java VM: Java HotSpot(TM) 64-Bit Server VM (20.45-b01 mixed mode windows-amd64 compressed oops)
# If you would like to submit a bug report, please visit:
#   http://java.sun.com/webapps/bugreport/crash.jsp
#

---------------  T H R E A D  ---------------

Current thread (0x000000000058c800):  JavaThread "Unknown thread" [_thread_in_vm, id=3964, stack(0x0000000000430000,0x0000000000530000)]

Stack: [0x0000000000430000,0x0000000000530000]
[error occurred during error reporting (printing stack bounds), id 0xc0000005]


---------------  P R O C E S S  ---------------

Java Threads: ( => current thread )

Other Threads:

=>0x000000000058c800 (exited) JavaThread "Unknown thread" [_thread_in_vm, id=3964, stack(0x0000000000430000,0x0000000000530000)]

VM state:not at safepoint (not fully initialized)

VM Mutex/Monitor currently owned by a thread: None

Dynamic libraries:
0x0000000000400000 - 0x000000000042f000 	C:\Program Files\Java\jre6\bin\javaw.exe
0x00007ff9d9040000 - 0x00007ff9d91e6000 	C:\WINDOWS\SYSTEM32\ntdll.dll
0x00007ff9d69e0000 - 0x00007ff9d6b1a000 	C:\WINDOWS\system32\KERNEL32.DLL
0x00007ff9d6700000 - 0x00007ff9d680f000 	C:\WINDOWS\system32\KERNELBASE.dll
0x00007ff9d4fa0000 - 0x00007ff9d5028000 	C:\WINDOWS\system32\apphelp.dll
0x00007ff9c8c10000 - 0x00007ff9c8c5f000 	C:\WINDOWS\AppPatch\AppPatch64\AcGenral.DLL
0x00007ff9d7540000 - 0x00007ff9d75e7000 	C:\WINDOWS\system32\msvcrt.dll
0x00007ff9d6180000 - 0x00007ff9d61ab000 	C:\WINDOWS\SYSTEM32\SspiCli.dll
0x00007ff9d74e0000 - 0x00007ff9d7531000 	C:\WINDOWS\system32\SHLWAPI.dll
0x00007ff9d72b0000 - 0x00007ff9d7421000 	C:\WINDOWS\system32\USER32.dll
0x00007ff9d7130000 - 0x00007ff9d72a8000 	C:\WINDOWS\system32\ole32.dll
0x00007ff9d79c0000 - 0x00007ff9d8dcf000 	C:\WINDOWS\system32\SHELL32.dll
0x00007ff9d59a0000 - 0x00007ff9d59be000 	C:\WINDOWS\SYSTEM32\USERENV.dll
0x00007ff9d7430000 - 0x00007ff9d74d5000 	C:\WINDOWS\system32\ADVAPI32.dll
0x00007ff9d0a70000 - 0x00007ff9d0a8b000 	C:\WINDOWS\SYSTEM32\MPR.dll
0x00007ff9d75f0000 - 0x00007ff9d7727000 	C:\WINDOWS\system32\RPCRT4.dll
0x00007ff9d8fe0000 - 0x00007ff9d9037000 	C:\WINDOWS\SYSTEM32\sechost.dll
0x00007ff9d8de0000 - 0x00007ff9d8fb6000 	C:\WINDOWS\SYSTEM32\combase.dll
0x00007ff9d7730000 - 0x00007ff9d7874000 	C:\WINDOWS\system32\GDI32.dll
0x00007ff9d63b0000 - 0x00007ff9d63c4000 	C:\WINDOWS\SYSTEM32\profapi.dll
0x00007ff9d4640000 - 0x00007ff9d46df000 	C:\WINDOWS\SYSTEM32\SHCORE.dll
0x00007ff9d68d0000 - 0x00007ff9d6904000 	C:\WINDOWS\system32\IMM32.DLL
0x00007ff9d7880000 - 0x00007ff9d79b9000 	C:\WINDOWS\system32\MSCTF.dll
0x000000006d830000 - 0x000000006dfec000 	C:\Program Files\Java\jre6\bin\server\jvm.dll
0x00007ff9cf9c0000 - 0x00007ff9cf9df000 	C:\WINDOWS\SYSTEM32\WINMM.dll
0x00007ff9cf990000 - 0x00007ff9cf9ba000 	C:\WINDOWS\SYSTEM32\WINMMBASE.dll
0x00007ff9d6480000 - 0x00007ff9d64ca000 	C:\WINDOWS\SYSTEM32\cfgmgr32.dll
0x00007ff9d5240000 - 0x00007ff9d5266000 	C:\WINDOWS\SYSTEM32\DEVOBJ.dll
0x000000006d7a0000 - 0x000000006d7ae000 	C:\Program Files\Java\jre6\bin\verify.dll
0x000000006d3c0000 - 0x000000006d3e7000 	C:\Program Files\Java\jre6\bin\java.dll
0x000000006d7f0000 - 0x000000006d802000 	C:\Program Files\Java\jre6\bin\zip.dll
0x00007ff9d8dd0000 - 0x00007ff9d8dd7000 	C:\WINDOWS\system32\PSAPI.DLL

VM Arguments:
jvm_args: -Dfile.encoding=Cp1252 -Xbootclasspath:D:\adt-bundle-windows-x86-20131030\adt-bundle-windows-x86-20131030\sdk\platforms\android-19\android.jar 
java_command: com.vu.managephonecall.AddScheduledCallList
Launcher Type: SUN_STANDARD

Environment Variables:
JAVA_HOME=C:\Program Files\Java\jdk1.6.0_45
PATH=C:\Program Files\CollabNet\Subversion Client;C:\WINDOWS\system32;C:\WINDOWS;C:\WINDOWS\System32\Wbem;C:\WINDOWS\System32\WindowsPowerShell\v1.0\;C:\Program Files\TortoiseSVN\bin;C:\Program Files\Java\jdk1.6.0_45\bin;D:\developer\ePOS\maven\bin;C:\Users\Dil Nawaz\Downloads\apps\android kit\sdk\platform-tools;C:\Users\Dil Nawaz\Downloads\apps\apache-ant-1.9.3\bin;
USERNAME=DilNawaz
OS=Windows_NT
PROCESSOR_IDENTIFIER=Intel64 Family 6 Model 58 Stepping 9, GenuineIntel



---------------  S Y S T E M  ---------------

OS: Windows 8 , 64 bit Build 9200 

CPU:total 4 (2 cores per cpu, 2 threads per core) family 6 model 58 stepping 9, cmov, cx8, fxsr, mmx, sse, sse2, sse3, ssse3, sse4.1, sse4.2, popcnt, ht

Memory: 4k page, physical 8260968k(4897780k free), swap 9571688k(5426116k free)

vm_info: Java HotSpot(TM) 64-Bit Server VM (20.45-b01) for windows-amd64 JRE (1.6.0_45-b06), built on Apr  1 2013 12:31:37 by "java_re" with MS VC++ 8.0 (VS2005)

time: Fri Dec 19 12:06:06 2014
elapsed time: 0 seconds

